### ISSUE TITLE
Segmentation fault in clientwr()

### ISSUE THREAD

**Issue by wferi** [radsecproxy/radsecproxy#75]
The setup on which #74 was observed exhibits crashes as well. I examined a core file created for version **1.8.1** (with some patching to report RAD_Attr_CUI and RAD_Attr_Operator_Name). The kernel reported:
```
segfault at 24 ip 08053253 sp b6e97290 error 4 in radsecproxy[8048000+23000]
```
The generated core file points at:
```
Core was generated by `/usr/sbin/radsecproxy -i /var/run/radsecproxy.pid -f'.
Program terminated with signal 11, Segmentation fault.
#0  0x08053253 in clientwr (arg=0x9e76f50) at radsecproxy.c:1696
1696	        if (rqout->tries == (*rqout->rq->buf == RAD_Status_Server ? 1 : conf->retrycount + 1)) {
```
There are several memory accesses on that line, but
```
Dump of assembler code for function clientwr:
[...]
   0x0805324b <+875>:	mov    0x4(%ebx),%eax
   0x0805324e <+878>:	mov    $0x1,%ecx
=> 0x08053253 <+883>:	mov    0x24(%eax),%edx
   0x08053256 <+886>:	cmpb   $0xc,(%edx)
[...]
(gdb) p $eax
$2 = 0
```
so the code tried to read offset 0x24 of a null pointer, which is consistent of the above kernel report.  `radmsg.h` helps to identify the `0xc` above:
```
#define RAD_Status_Server 12
```
The offset of `rq` in `struct rqout` is 4 and the offset of `buf` in `struct request` is 0x24:
```
(gdb) p &(((struct rqout *)0)->rq)
$3 = (struct request **) 0x4
(gdb) p &(((struct request *)0)->buf)
$4 = (uint8_t **) 0x24
```
Thus I'm pretty sure that the immediate cause of the illegal memory access here was `rqout->rq` being null.  The addresses match:
```
(gdb) p &(rqout->rq)
$5 = (struct request **) 0x9e772f4
(gdb) p/x $ebx+4
$6 = 0x9e772f4
```
but while the value loaded into `eax` is null (see above), the actual memory content is not:
```
(gdb) p/x *(int *)($ebx+4)
$7 = 0xb6cc1af8
(gdb) p *rqout
$8 = {lock = 0x9e788c0, rq = 0xb6cc1af8, tries = 0 '\000', expiry = {tv_sec = 0, tv_usec = 0}}
```
This seems to be possible only via some data race against another thread updating the structure pointed to by `rqout` during the run time of `clientwr`. To top it off:
```
(gdb) p *rqout->lock
$9 = {__data = {__lock = 0, __count = 0, __owner = 0, __kind = 0, __nusers = 4293670681, {
      __spins = 0, __list = {__next = 0x0}}}, 
  __size = '\000' <repeats 16 times>, "\031\067\354\377\000\000\000", __align = 0}
```
which seems to mean that the mutex is not taken. How could that happen? Or is this info unreliable?

**Comment by jmohacsi** [comment]
Another crash:

core_backtrace 
{   "signal": 11
,   "executable": "/usr/sbin/radsecproxy"
,   "only_crash_thread": true
,   "stacktrace":
      [ {   "crash_thread": true
        ,   "frames":
              [ {   "address": 94465352855712
                ,   "build_id": "38ee8ad0d4db6bc43bc9c4bf9c6a0d209bacee6c"
                ,   "build_id_offset": 45216
                ,   "function_name": "clientwr"
                ,   "file_name": "/usr/sbin/radsecproxy"
                }
              , {   "address": 140696397771486
                ,   "build_id": "26cc9b5c95bf87f62537950f00486b9b088f65a0"
                ,   "build_id_offset": 33502
                ,   "function_name": "start_thread"
                ,   "file_name": "/usr/lib64/libpthread-2.28.so"
                }
              , {   "address": 140696394829443
                ,   "build_id": "5134b8e7ad70b3200eb2aba1a53a7016599f65ab"
                ,   "build_id_offset": 1031811
                ,   "function_name": "__clone"
                ,   "file_name": "/usr/lib64/libc-2.28.so"
                } ]
        } ]
}

**Comment by fmauchle** [comment]
thanks for the detailed report @wferi . 
To answer the last question first: if `rqout->rq` was tamepered with, I would not trust `rqout->lock` to be correct either (iirc `__nusers` is supposed to be 0 or 1).
 What I find a bit disturbing as that `%eax` is 0 while the memory it was loaded from just 2 instructions ago now has some content; und it must have had a non-null content shortly before that, otherwise we would not be executing this code.

I'm still unable to spot any way that the code manipulating `rqout->rq` could do so without proper locking. But it could also be some completely different code that stomps on this memory.

Would it be possible for you (or anybody else seeing those crashes) to run it with valgrind?

**Comment by wferi** [comment]
> To answer the last question first: if `rqout->rq` was tamepered with, I would not trust `rqout->lock` to be correct either (iirc `__nusers` is supposed to be 0 or 1).

Ah, interesting info @fmauchle, I had no chance to dig into the pthread internals.

> What I find a bit disturbing as that `%eax` is 0 while the memory it was loaded from just 2 instructions ago now has some content; und it must have had a non-null content shortly before that, otherwise we would not be executing this code.

Yes, hard to imagine how this came around.

> I'm still unable to spot any way that the code manipulating `rqout->rq` could do so without proper locking. But it could also be some completely different code that stomps on this memory.
> Would it be possible for you (or anybody else seeing those crashes) to run it with valgrind?

Not for me, but I heard over people working towards that, so something may eventually happen.

**Comment by jmohacsi** [comment]
We are planning to run radsecproxy with valgrind. According to the valgrind documentation we added no optimisation and some extra flags to recompile valgrind:

CFLAGS = -g -pipe -Wall -Werror=format-security -Wp,-D_FORTIFY_SOURCE=0 -Wp,-D_GLIBCXX_ASSERTIONS -fexceptions -fstack-protector-strong -grecord-gcc-switches -specs=/usr/lib/rpm/redhat/redhat-hardened-cc1 -specs=/usr/lib/rpm/redhat/redhat-annobin-cc1 -m64 -mtune=generic -fasynchronous-unwind-tables -fstack-clash-protection -fcf-protection


The original CFLAGS version contained. "-O2" and "-D_FORTIFY_SOURCE=2" 

Is it enough? 

We are planning to run the following way

valgrind --log-socket=logcollector:1500 --tool=drd --trace-children=yes /sbin/radsecproxy

Would it be enough to collect enough information about the segfault?

**Comment by fmauchle** [comment]
For the compile option, I would basically use the same as the one you have seen the crashes (or verify that it still crashes with the new options)
For valgrind, `--tool=drd` might cach it, but I'm not sure if it will cover all cases. Another run with the default `--tool=memcheck` might be valuable, as it should detect when we read/write across allocation boundaries.
